<?xml version="1.0" encoding="UTF-8"?>
<testsuite name="JUnit5ExampleTest" tests="1" skipped="0" failures="0" errors="0" timestamp="2020-04-26T18:48:36" hostname="Mac-mini-de-Erik.local" time="0.007">
  <properties/>
  <testcase name="justAnExample()" classname="JUnit5ExampleTest" time="0.007"/>
  <system-out><![CDATA[This is a test
]]></system-out>
  <system-err><![CDATA[]]></system-err>
</testsuite>
